2018-04-27 12:05:14.198 [qtp1299641336-16] DEBUG org.elasticsearch.threadpool.ThreadPool - created thread pool: name [force_merge], size [1], queue size [unbounded]
2018-04-27 12:05:14.205 [qtp1299641336-16] DEBUG org.elasticsearch.threadpool.ThreadPool - created thread pool: name [fetch_shard_started], core [1], max [16], keep alive [5m]
2018-04-27 12:05:14.205 [qtp1299641336-16] DEBUG org.elasticsearch.threadpool.ThreadPool - created thread pool: name [listener], size [4], queue size [unbounded]
2018-04-27 12:05:14.210 [qtp1299641336-16] DEBUG org.elasticsearch.threadpool.ThreadPool - created thread pool: name [index], size [8], queue size [200]
2018-04-27 12:05:14.210 [qtp1299641336-16] DEBUG org.elasticsearch.threadpool.ThreadPool - created thread pool: name [refresh], core [1], max [4], keep alive [5m]
2018-04-27 12:05:14.210 [qtp1299641336-16] DEBUG org.elasticsearch.threadpool.ThreadPool - created thread pool: name [generic], core [4], max [128], keep alive [30s]
2018-04-27 12:05:14.211 [qtp1299641336-16] DEBUG org.elasticsearch.threadpool.ThreadPool - created thread pool: name [warmer], core [1], max [4], keep alive [5m]
2018-04-27 12:05:14.214 [qtp1299641336-16] DEBUG org.elasticsearch.common.util.concurrent.QueueResizingEsThreadPoolExecutor - thread pool [_client_/search] will adjust queue by [50] when determining automatic queue size
2018-04-27 12:05:14.215 [qtp1299641336-16] DEBUG org.elasticsearch.threadpool.ThreadPool - created thread pool: name [search], size [13], queue size [1k]
2018-04-27 12:05:14.215 [qtp1299641336-16] DEBUG org.elasticsearch.threadpool.ThreadPool - created thread pool: name [flush], core [1], max [4], keep alive [5m]
2018-04-27 12:05:14.215 [qtp1299641336-16] DEBUG org.elasticsearch.threadpool.ThreadPool - created thread pool: name [fetch_shard_store], core [1], max [16], keep alive [5m]
2018-04-27 12:05:14.215 [qtp1299641336-16] DEBUG org.elasticsearch.threadpool.ThreadPool - created thread pool: name [management], core [1], max [5], keep alive [5m]
2018-04-27 12:05:14.216 [qtp1299641336-16] DEBUG org.elasticsearch.threadpool.ThreadPool - created thread pool: name [get], size [8], queue size [1k]
2018-04-27 12:05:14.216 [qtp1299641336-16] DEBUG org.elasticsearch.threadpool.ThreadPool - created thread pool: name [bulk], size [8], queue size [200]
2018-04-27 12:05:14.216 [qtp1299641336-16] DEBUG org.elasticsearch.threadpool.ThreadPool - created thread pool: name [snapshot], core [1], max [4], keep alive [5m]
2018-04-27 12:05:14.244 [qtp1299641336-16] DEBUG io.netty.util.internal.PlatformDependent - Platform: MacOS
2018-04-27 12:05:14.246 [qtp1299641336-16] DEBUG io.netty.util.internal.PlatformDependent0 - -Dio.netty.noUnsafe: true
2018-04-27 12:05:14.246 [qtp1299641336-16] DEBUG io.netty.util.internal.PlatformDependent0 - sun.misc.Unsafe: unavailable (io.netty.noUnsafe)
2018-04-27 12:05:14.246 [qtp1299641336-16] DEBUG io.netty.util.internal.PlatformDependent0 - Java version: 8
2018-04-27 12:05:14.247 [qtp1299641336-16] DEBUG io.netty.util.internal.PlatformDependent0 - java.nio.DirectByteBuffer.<init>(long, int): unavailable
2018-04-27 12:05:14.247 [qtp1299641336-16] DEBUG io.netty.util.internal.PlatformDependent - -Dio.netty.tmpdir: /var/folders/_7/cjyn7tdn1bn1rcj40bdybjlm0000gn/T (java.io.tmpdir)
2018-04-27 12:05:14.248 [qtp1299641336-16] DEBUG io.netty.util.internal.PlatformDependent - -Dio.netty.bitMode: 64 (sun.arch.data.model)
2018-04-27 12:05:14.249 [qtp1299641336-16] DEBUG io.netty.util.internal.PlatformDependent - -Dio.netty.noPreferDirect: true
2018-04-27 12:05:14.249 [qtp1299641336-16] DEBUG io.netty.util.internal.PlatformDependent - -Dio.netty.maxDirectMemory: -1 bytes
2018-04-27 12:05:14.250 [qtp1299641336-16] DEBUG io.netty.util.internal.PlatformDependent - -Dio.netty.uninitializedArrayAllocationThreshold: -1
2018-04-27 12:05:15.257 [qtp1299641336-16] DEBUG org.elasticsearch.client.transport.TransportClientNodesService - node_sampler_interval[5s]
2018-04-27 12:05:15.277 [qtp1299641336-16] DEBUG io.netty.channel.MultithreadEventLoopGroup - -Dio.netty.eventLoopThreads: 16
2018-04-27 12:05:15.297 [qtp1299641336-16] DEBUG io.netty.channel.nio.NioEventLoop - -Dio.netty.noKeySetOptimization: true
2018-04-27 12:05:15.297 [qtp1299641336-16] DEBUG io.netty.channel.nio.NioEventLoop - -Dio.netty.selectorAutoRebuildThreshold: 512
2018-04-27 12:05:15.304 [qtp1299641336-16] DEBUG io.netty.util.internal.PlatformDependent - org.jctools-core.MpscChunkedArrayQueue: unavailable
2018-04-27 12:05:15.349 [qtp1299641336-16] DEBUG org.elasticsearch.client.transport.TransportClientNodesService - adding address [{#transport#-1}{MDE1iRybSEWcg807PxBIhg}{localhost}{127.0.0.1:9300}]
2018-04-27 12:05:15.363 [elasticsearch[_client_][management][T#1]] DEBUG io.netty.channel.DefaultChannelId - -Dio.netty.processId: 3937 (auto-detected)
2018-04-27 12:05:15.365 [elasticsearch[_client_][management][T#1]] DEBUG io.netty.util.NetUtil - -Djava.net.preferIPv4Stack: false
2018-04-27 12:05:15.365 [elasticsearch[_client_][management][T#1]] DEBUG io.netty.util.NetUtil - -Djava.net.preferIPv6Addresses: false
2018-04-27 12:05:15.367 [elasticsearch[_client_][management][T#1]] DEBUG io.netty.util.NetUtil - Loopback interface: lo0 (lo0, 0:0:0:0:0:0:0:1%lo0)
2018-04-27 12:05:15.367 [elasticsearch[_client_][management][T#1]] DEBUG io.netty.util.NetUtil - Failed to get SOMAXCONN from sysctl and file /proc/sys/net/core/somaxconn. Default: 128
2018-04-27 12:05:15.368 [elasticsearch[_client_][management][T#1]] DEBUG io.netty.channel.DefaultChannelId - -Dio.netty.machineId: b8:f6:b1:ff:fe:15:be:c7 (auto-detected)
2018-04-27 12:05:15.373 [elasticsearch[_client_][management][T#1]] DEBUG io.netty.util.internal.InternalThreadLocalMap - -Dio.netty.threadLocalMap.stringBuilder.initialSize: 1024
2018-04-27 12:05:15.373 [elasticsearch[_client_][management][T#1]] DEBUG io.netty.util.internal.InternalThreadLocalMap - -Dio.netty.threadLocalMap.stringBuilder.maxSize: 4096
2018-04-27 12:05:15.381 [elasticsearch[_client_][management][T#1]] DEBUG io.netty.util.ResourceLeakDetector - -Dio.netty.leakDetection.level: simple
2018-04-27 12:05:15.381 [elasticsearch[_client_][management][T#1]] DEBUG io.netty.util.ResourceLeakDetector - -Dio.netty.leakDetection.maxRecords: 4
2018-04-27 12:05:15.381 [elasticsearch[_client_][management][T#1]] DEBUG io.netty.util.ResourceLeakDetector - -Dio.netty.leakDetection.maxSampledRecords: 40
2018-04-27 12:05:15.399 [elasticsearch[_client_][management][T#1]] DEBUG io.netty.buffer.PooledByteBufAllocator - -Dio.netty.allocator.numHeapArenas: 16
2018-04-27 12:05:15.399 [elasticsearch[_client_][management][T#1]] DEBUG io.netty.buffer.PooledByteBufAllocator - -Dio.netty.allocator.numDirectArenas: 16
2018-04-27 12:05:15.399 [elasticsearch[_client_][management][T#1]] DEBUG io.netty.buffer.PooledByteBufAllocator - -Dio.netty.allocator.pageSize: 8192
2018-04-27 12:05:15.399 [elasticsearch[_client_][management][T#1]] DEBUG io.netty.buffer.PooledByteBufAllocator - -Dio.netty.allocator.maxOrder: 11
2018-04-27 12:05:15.399 [elasticsearch[_client_][management][T#1]] DEBUG io.netty.buffer.PooledByteBufAllocator - -Dio.netty.allocator.chunkSize: 16777216
2018-04-27 12:05:15.399 [elasticsearch[_client_][management][T#1]] DEBUG io.netty.buffer.PooledByteBufAllocator - -Dio.netty.allocator.tinyCacheSize: 512
2018-04-27 12:05:15.399 [elasticsearch[_client_][management][T#1]] DEBUG io.netty.buffer.PooledByteBufAllocator - -Dio.netty.allocator.smallCacheSize: 256
2018-04-27 12:05:15.399 [elasticsearch[_client_][management][T#1]] DEBUG io.netty.buffer.PooledByteBufAllocator - -Dio.netty.allocator.normalCacheSize: 64
2018-04-27 12:05:15.399 [elasticsearch[_client_][management][T#1]] DEBUG io.netty.buffer.PooledByteBufAllocator - -Dio.netty.allocator.maxCachedBufferCapacity: 32768
2018-04-27 12:05:15.399 [elasticsearch[_client_][management][T#1]] DEBUG io.netty.buffer.PooledByteBufAllocator - -Dio.netty.allocator.cacheTrimInterval: 8192
2018-04-27 12:05:15.399 [elasticsearch[_client_][management][T#1]] DEBUG io.netty.buffer.PooledByteBufAllocator - -Dio.netty.allocator.useCacheForAllThreads: true
2018-04-27 12:05:15.407 [elasticsearch[_client_][management][T#1]] DEBUG io.netty.buffer.ByteBufUtil - -Dio.netty.allocator.type: pooled
2018-04-27 12:05:15.407 [elasticsearch[_client_][management][T#1]] DEBUG io.netty.buffer.ByteBufUtil - -Dio.netty.threadLocalDirectBufferSize: 65536
2018-04-27 12:05:15.408 [elasticsearch[_client_][management][T#1]] DEBUG io.netty.buffer.ByteBufUtil - -Dio.netty.maxThreadLocalCharBufferSize: 16384
2018-04-27 12:05:15.447 [elasticsearch[_client_][management][T#1]] DEBUG io.netty.buffer.AbstractByteBuf - -Dio.netty.buffer.bytebuf.checkAccessible: true
2018-04-27 12:05:15.448 [elasticsearch[_client_][management][T#1]] DEBUG io.netty.util.ResourceLeakDetectorFactory - Loaded default ResourceLeakDetector: io.netty.util.ResourceLeakDetector@585cf978
2018-04-27 12:05:15.454 [elasticsearch[_client_][management][T#1]] DEBUG io.netty.util.Recycler - -Dio.netty.recycler.maxCapacityPerThread: disabled
2018-04-27 12:05:15.454 [elasticsearch[_client_][management][T#1]] DEBUG io.netty.util.Recycler - -Dio.netty.recycler.maxSharedCapacityFactor: disabled
2018-04-27 12:05:15.454 [elasticsearch[_client_][management][T#1]] DEBUG io.netty.util.Recycler - -Dio.netty.recycler.linkCapacity: disabled
2018-04-27 12:05:15.454 [elasticsearch[_client_][management][T#1]] DEBUG io.netty.util.Recycler - -Dio.netty.recycler.ratio: disabled
2018-04-27 12:05:15.556 [qtp1299641336-16] DEBUG org.elasticsearch.transport.netty4.Netty4Transport - connected to node [{Y5M3upT}{Y5M3upTRROCYY0MIk7c7sw}{ga6H50_YSVynqF5g7wsrhw}{127.0.0.1}{127.0.0.1:9300}]
